[2025-09-20T15:51:03.017043] PDF処理エラー: PDFファイルの処理中にエラーが発生しました。
Details: テストエラー
--------------------------------------------------------------------------------
[2025-09-20T20:33:18.076393] PowerPoint生成エラー: PowerPointファイルの生成中にエラーが発生しました。
Details: 'SlideLayout' object has no attribute 'slide'
--------------------------------------------------------------------------------
[2025-09-20T20:33:18.087474] PowerPoint生成エラー: PowerPointファイルの生成中にエラーが発生しました。
Details: 'SlideLayout' object has no attribute 'slide'
--------------------------------------------------------------------------------
[2025-09-20T20:33:18.096631] PowerPoint生成エラー: PowerPointファイルの生成中にエラーが発生しました。
Details: 'SlideLayout' object has no attribute 'slide'
--------------------------------------------------------------------------------
[2025-09-20T20:33:18.105783] PowerPoint生成エラー: PowerPointファイルの生成中にエラーが発生しました。
Details: 'SlideLayout' object has no attribute 'slide'
--------------------------------------------------------------------------------
[2025-09-20T20:33:18.114817] PowerPoint生成エラー: PowerPointファイルの生成中にエラーが発生しました。
Details: 'SlideLayout' object has no attribute 'slide'
--------------------------------------------------------------------------------
[2025-09-20T20:33:18.123124] PowerPoint生成エラー: PowerPointファイルの生成中にエラーが発生しました。
Details: 'SlideLayout' object has no attribute 'slide'
--------------------------------------------------------------------------------
[2025-09-20T20:33:18.131717] PowerPoint生成エラー: PowerPointファイルの生成中にエラーが発生しました。
Details: 'SlideLayout' object has no attribute 'slide'
--------------------------------------------------------------------------------
[2025-09-20T20:33:18.140618] PowerPoint生成エラー: PowerPointファイルの生成中にエラーが発生しました。
Details: 'SlideLayout' object has no attribute 'slide'
--------------------------------------------------------------------------------
[2025-09-20T20:33:18.149137] PowerPoint生成エラー: PowerPointファイルの生成中にエラーが発生しました。
Details: 'SlideLayout' object has no attribute 'slide'
--------------------------------------------------------------------------------
[2025-09-20T20:33:18.157668] PowerPoint生成エラー: PowerPointファイルの生成中にエラーが発生しました。
Details: 'SlideLayout' object has no attribute 'slide'
--------------------------------------------------------------------------------
[2025-09-20T20:33:18.168560] PowerPoint生成エラー: PowerPointファイルの生成中にエラーが発生しました。
Details: 'SlideLayout' object has no attribute 'slide'
--------------------------------------------------------------------------------
[2025-09-20T20:33:18.177326] PowerPoint生成エラー: PowerPointファイルの生成中にエラーが発生しました。
Details: 'SlideLayout' object has no attribute 'slide'
--------------------------------------------------------------------------------
[2025-09-20T20:33:18.185884] PowerPoint生成エラー: PowerPointファイルの生成中にエラーが発生しました。
Details: 'SlideLayout' object has no attribute 'slide'
--------------------------------------------------------------------------------
[2025-09-20T20:33:18.194984] PowerPoint生成エラー: PowerPointファイルの生成中にエラーが発生しました。
Details: 'SlideLayout' object has no attribute 'slide'
--------------------------------------------------------------------------------
[2025-09-20T20:33:18.205302] PowerPoint生成エラー: PowerPointファイルの生成中にエラーが発生しました。
Details: 'SlideLayout' object has no attribute 'slide'
--------------------------------------------------------------------------------
[2025-09-20T20:33:18.216358] PowerPoint生成エラー: PowerPointファイルの生成中にエラーが発生しました。
Details: 'SlideLayout' object has no attribute 'slide'
--------------------------------------------------------------------------------
[2025-09-20T20:33:18.225615] PowerPoint生成エラー: PowerPointファイルの生成中にエラーが発生しました。
Details: 'SlideLayout' object has no attribute 'slide'
--------------------------------------------------------------------------------
[2025-09-20T20:33:18.234824] PowerPoint生成エラー: PowerPointファイルの生成中にエラーが発生しました。
Details: 'SlideLayout' object has no attribute 'slide'
--------------------------------------------------------------------------------
[2025-09-20T20:33:18.244326] PowerPoint生成エラー: PowerPointファイルの生成中にエラーが発生しました。
Details: 'SlideLayout' object has no attribute 'slide'
--------------------------------------------------------------------------------
[2025-09-20T20:33:18.253767] PowerPoint生成エラー: PowerPointファイルの生成中にエラーが発生しました。
Details: 'SlideLayout' object has no attribute 'slide'
--------------------------------------------------------------------------------
[2025-09-20T20:33:18.262867] PowerPoint生成エラー: PowerPointファイルの生成中にエラーが発生しました。
Details: 'SlideLayout' object has no attribute 'slide'
--------------------------------------------------------------------------------
[2025-09-20T20:33:18.271379] PowerPoint生成エラー: PowerPointファイルの生成中にエラーが発生しました。
Details: 'SlideLayout' object has no attribute 'slide'
--------------------------------------------------------------------------------
[2025-09-20T20:33:18.281190] PowerPoint生成エラー: PowerPointファイルの生成中にエラーが発生しました。
Details: 'SlideLayout' object has no attribute 'slide'
--------------------------------------------------------------------------------
[2025-09-20T20:33:18.289648] PowerPoint生成エラー: PowerPointファイルの生成中にエラーが発生しました。
Details: 'SlideLayout' object has no attribute 'slide'
--------------------------------------------------------------------------------
[2025-09-20T20:33:18.298670] PowerPoint生成エラー: PowerPointファイルの生成中にエラーが発生しました。
Details: 'SlideLayout' object has no attribute 'slide'
--------------------------------------------------------------------------------
[2025-09-20T20:33:18.306989] PowerPoint生成エラー: PowerPointファイルの生成中にエラーが発生しました。
Details: 'SlideLayout' object has no attribute 'slide'
--------------------------------------------------------------------------------
[2025-09-20T20:33:18.315516] PowerPoint生成エラー: PowerPointファイルの生成中にエラーが発生しました。
Details: 'SlideLayout' object has no attribute 'slide'
--------------------------------------------------------------------------------
[2025-09-20T20:33:18.323876] PowerPoint生成エラー: PowerPointファイルの生成中にエラーが発生しました。
Details: 'SlideLayout' object has no attribute 'slide'
--------------------------------------------------------------------------------
[2025-09-20T20:33:18.332554] PowerPoint生成エラー: PowerPointファイルの生成中にエラーが発生しました。
Details: 'SlideLayout' object has no attribute 'slide'
--------------------------------------------------------------------------------
[2025-09-20T20:33:18.340869] PowerPoint生成エラー: PowerPointファイルの生成中にエラーが発生しました。
Details: 'SlideLayout' object has no attribute 'slide'
--------------------------------------------------------------------------------
[2025-09-20T20:33:18.350084] PowerPoint生成エラー: PowerPointファイルの生成中にエラーが発生しました。
Details: 'SlideLayout' object has no attribute 'slide'
--------------------------------------------------------------------------------
[2025-09-20T20:33:18.358347] PowerPoint生成エラー: PowerPointファイルの生成中にエラーが発生しました。
Details: 'SlideLayout' object has no attribute 'slide'
--------------------------------------------------------------------------------
[2025-09-20T20:35:20.357132] PowerPoint生成エラー: PowerPointファイルの生成中にエラーが発生しました。
Details: 'SlidePart' object has no attribute 'presentation_part'
--------------------------------------------------------------------------------
[2025-09-20T20:35:20.366756] PowerPoint生成エラー: PowerPointファイルの生成中にエラーが発生しました。
Details: 'SlidePart' object has no attribute 'presentation_part'
--------------------------------------------------------------------------------
[2025-09-20T20:35:20.375600] PowerPoint生成エラー: PowerPointファイルの生成中にエラーが発生しました。
Details: 'SlidePart' object has no attribute 'presentation_part'
--------------------------------------------------------------------------------
[2025-09-20T20:35:20.384458] PowerPoint生成エラー: PowerPointファイルの生成中にエラーが発生しました。
Details: 'SlidePart' object has no attribute 'presentation_part'
--------------------------------------------------------------------------------
[2025-09-20T20:35:20.392922] PowerPoint生成エラー: PowerPointファイルの生成中にエラーが発生しました。
Details: 'SlidePart' object has no attribute 'presentation_part'
--------------------------------------------------------------------------------
[2025-09-20T20:35:20.401865] PowerPoint生成エラー: PowerPointファイルの生成中にエラーが発生しました。
Details: 'SlidePart' object has no attribute 'presentation_part'
--------------------------------------------------------------------------------
[2025-09-20T20:35:20.410203] PowerPoint生成エラー: PowerPointファイルの生成中にエラーが発生しました。
Details: 'SlidePart' object has no attribute 'presentation_part'
--------------------------------------------------------------------------------
[2025-09-20T20:35:20.420047] PowerPoint生成エラー: PowerPointファイルの生成中にエラーが発生しました。
Details: 'SlidePart' object has no attribute 'presentation_part'
--------------------------------------------------------------------------------
[2025-09-20T20:35:20.428301] PowerPoint生成エラー: PowerPointファイルの生成中にエラーが発生しました。
Details: 'SlidePart' object has no attribute 'presentation_part'
--------------------------------------------------------------------------------
[2025-09-20T20:35:20.437390] PowerPoint生成エラー: PowerPointファイルの生成中にエラーが発生しました。
Details: 'SlidePart' object has no attribute 'presentation_part'
--------------------------------------------------------------------------------
[2025-09-20T20:35:20.445813] PowerPoint生成エラー: PowerPointファイルの生成中にエラーが発生しました。
Details: 'SlidePart' object has no attribute 'presentation_part'
--------------------------------------------------------------------------------
[2025-09-20T20:35:20.455784] PowerPoint生成エラー: PowerPointファイルの生成中にエラーが発生しました。
Details: 'SlidePart' object has no attribute 'presentation_part'
--------------------------------------------------------------------------------
[2025-09-20T20:35:20.463992] PowerPoint生成エラー: PowerPointファイルの生成中にエラーが発生しました。
Details: 'SlidePart' object has no attribute 'presentation_part'
--------------------------------------------------------------------------------
[2025-09-20T20:35:20.473009] PowerPoint生成エラー: PowerPointファイルの生成中にエラーが発生しました。
Details: 'SlidePart' object has no attribute 'presentation_part'
--------------------------------------------------------------------------------
[2025-09-20T20:35:20.481198] PowerPoint生成エラー: PowerPointファイルの生成中にエラーが発生しました。
Details: 'SlidePart' object has no attribute 'presentation_part'
--------------------------------------------------------------------------------
[2025-09-20T20:35:20.491141] PowerPoint生成エラー: PowerPointファイルの生成中にエラーが発生しました。
Details: 'SlidePart' object has no attribute 'presentation_part'
--------------------------------------------------------------------------------
[2025-09-20T20:35:20.500162] PowerPoint生成エラー: PowerPointファイルの生成中にエラーが発生しました。
Details: 'SlidePart' object has no attribute 'presentation_part'
--------------------------------------------------------------------------------
[2025-09-20T20:35:20.508992] PowerPoint生成エラー: PowerPointファイルの生成中にエラーが発生しました。
Details: 'SlidePart' object has no attribute 'presentation_part'
--------------------------------------------------------------------------------
[2025-09-20T20:35:20.517756] PowerPoint生成エラー: PowerPointファイルの生成中にエラーが発生しました。
Details: 'SlidePart' object has no attribute 'presentation_part'
--------------------------------------------------------------------------------
[2025-09-20T20:35:20.525866] PowerPoint生成エラー: PowerPointファイルの生成中にエラーが発生しました。
Details: 'SlidePart' object has no attribute 'presentation_part'
--------------------------------------------------------------------------------
[2025-09-20T20:35:20.535736] PowerPoint生成エラー: PowerPointファイルの生成中にエラーが発生しました。
Details: 'SlidePart' object has no attribute 'presentation_part'
--------------------------------------------------------------------------------
[2025-09-20T20:35:20.543751] PowerPoint生成エラー: PowerPointファイルの生成中にエラーが発生しました。
Details: 'SlidePart' object has no attribute 'presentation_part'
--------------------------------------------------------------------------------
[2025-09-20T20:35:20.552270] PowerPoint生成エラー: PowerPointファイルの生成中にエラーが発生しました。
Details: 'SlidePart' object has no attribute 'presentation_part'
--------------------------------------------------------------------------------
[2025-09-20T20:35:20.560647] PowerPoint生成エラー: PowerPointファイルの生成中にエラーが発生しました。
Details: 'SlidePart' object has no attribute 'presentation_part'
--------------------------------------------------------------------------------
[2025-09-20T20:35:20.569103] PowerPoint生成エラー: PowerPointファイルの生成中にエラーが発生しました。
Details: 'SlidePart' object has no attribute 'presentation_part'
--------------------------------------------------------------------------------
[2025-09-20T20:35:20.577180] PowerPoint生成エラー: PowerPointファイルの生成中にエラーが発生しました。
Details: 'SlidePart' object has no attribute 'presentation_part'
--------------------------------------------------------------------------------
[2025-09-20T20:35:20.585625] PowerPoint生成エラー: PowerPointファイルの生成中にエラーが発生しました。
Details: 'SlidePart' object has no attribute 'presentation_part'
--------------------------------------------------------------------------------
[2025-09-20T20:35:20.593949] PowerPoint生成エラー: PowerPointファイルの生成中にエラーが発生しました。
Details: 'SlidePart' object has no attribute 'presentation_part'
--------------------------------------------------------------------------------
[2025-09-20T20:35:20.602193] PowerPoint生成エラー: PowerPointファイルの生成中にエラーが発生しました。
Details: 'SlidePart' object has no attribute 'presentation_part'
--------------------------------------------------------------------------------
[2025-09-20T20:35:20.610619] PowerPoint生成エラー: PowerPointファイルの生成中にエラーが発生しました。
Details: 'SlidePart' object has no attribute 'presentation_part'
--------------------------------------------------------------------------------
[2025-09-20T20:35:20.621049] PowerPoint生成エラー: PowerPointファイルの生成中にエラーが発生しました。
Details: 'SlidePart' object has no attribute 'presentation_part'
--------------------------------------------------------------------------------
[2025-09-20T20:35:20.629298] PowerPoint生成エラー: PowerPointファイルの生成中にエラーが発生しました。
Details: 'SlidePart' object has no attribute 'presentation_part'
--------------------------------------------------------------------------------
[2025-09-20T20:35:29.304222] PowerPoint生成エラー: PowerPointファイルの生成中にエラーが発生しました。
Details: 'SlidePart' object has no attribute 'presentation_part'
--------------------------------------------------------------------------------
[2025-09-20T20:35:29.312667] PowerPoint生成エラー: PowerPointファイルの生成中にエラーが発生しました。
Details: 'SlidePart' object has no attribute 'presentation_part'
--------------------------------------------------------------------------------
[2025-09-20T20:35:29.321497] PowerPoint生成エラー: PowerPointファイルの生成中にエラーが発生しました。
Details: 'SlidePart' object has no attribute 'presentation_part'
--------------------------------------------------------------------------------
[2025-09-20T20:35:29.329922] PowerPoint生成エラー: PowerPointファイルの生成中にエラーが発生しました。
Details: 'SlidePart' object has no attribute 'presentation_part'
--------------------------------------------------------------------------------
[2025-09-20T20:35:29.339638] PowerPoint生成エラー: PowerPointファイルの生成中にエラーが発生しました。
Details: 'SlidePart' object has no attribute 'presentation_part'
--------------------------------------------------------------------------------
[2025-09-20T20:35:29.347950] PowerPoint生成エラー: PowerPointファイルの生成中にエラーが発生しました。
Details: 'SlidePart' object has no attribute 'presentation_part'
--------------------------------------------------------------------------------
[2025-09-20T20:35:29.356912] PowerPoint生成エラー: PowerPointファイルの生成中にエラーが発生しました。
Details: 'SlidePart' object has no attribute 'presentation_part'
--------------------------------------------------------------------------------
[2025-09-20T20:35:29.367078] PowerPoint生成エラー: PowerPointファイルの生成中にエラーが発生しました。
Details: 'SlidePart' object has no attribute 'presentation_part'
--------------------------------------------------------------------------------
[2025-09-20T20:35:29.376260] PowerPoint生成エラー: PowerPointファイルの生成中にエラーが発生しました。
Details: 'SlidePart' object has no attribute 'presentation_part'
--------------------------------------------------------------------------------
[2025-09-20T20:35:29.388357] PowerPoint生成エラー: PowerPointファイルの生成中にエラーが発生しました。
Details: 'SlidePart' object has no attribute 'presentation_part'
--------------------------------------------------------------------------------
[2025-09-20T20:35:29.396829] PowerPoint生成エラー: PowerPointファイルの生成中にエラーが発生しました。
Details: 'SlidePart' object has no attribute 'presentation_part'
--------------------------------------------------------------------------------
[2025-09-20T20:35:29.405581] PowerPoint生成エラー: PowerPointファイルの生成中にエラーが発生しました。
Details: 'SlidePart' object has no attribute 'presentation_part'
--------------------------------------------------------------------------------
[2025-09-20T20:35:29.413709] PowerPoint生成エラー: PowerPointファイルの生成中にエラーが発生しました。
Details: 'SlidePart' object has no attribute 'presentation_part'
--------------------------------------------------------------------------------
[2025-09-20T20:35:29.423639] PowerPoint生成エラー: PowerPointファイルの生成中にエラーが発生しました。
Details: 'SlidePart' object has no attribute 'presentation_part'
--------------------------------------------------------------------------------
[2025-09-20T20:35:29.432049] PowerPoint生成エラー: PowerPointファイルの生成中にエラーが発生しました。
Details: 'SlidePart' object has no attribute 'presentation_part'
--------------------------------------------------------------------------------
[2025-09-20T20:35:29.441159] PowerPoint生成エラー: PowerPointファイルの生成中にエラーが発生しました。
Details: 'SlidePart' object has no attribute 'presentation_part'
--------------------------------------------------------------------------------
[2025-09-20T20:35:29.451117] PowerPoint生成エラー: PowerPointファイルの生成中にエラーが発生しました。
Details: 'SlidePart' object has no attribute 'presentation_part'
--------------------------------------------------------------------------------
[2025-09-20T20:35:29.460288] PowerPoint生成エラー: PowerPointファイルの生成中にエラーが発生しました。
Details: 'SlidePart' object has no attribute 'presentation_part'
--------------------------------------------------------------------------------
[2025-09-20T20:35:29.469062] PowerPoint生成エラー: PowerPointファイルの生成中にエラーが発生しました。
Details: 'SlidePart' object has no attribute 'presentation_part'
--------------------------------------------------------------------------------
[2025-09-20T20:35:29.477299] PowerPoint生成エラー: PowerPointファイルの生成中にエラーが発生しました。
Details: 'SlidePart' object has no attribute 'presentation_part'
--------------------------------------------------------------------------------
[2025-09-20T20:35:29.486955] PowerPoint生成エラー: PowerPointファイルの生成中にエラーが発生しました。
Details: 'SlidePart' object has no attribute 'presentation_part'
--------------------------------------------------------------------------------
[2025-09-20T20:35:29.495901] PowerPoint生成エラー: PowerPointファイルの生成中にエラーが発生しました。
Details: 'SlidePart' object has no attribute 'presentation_part'
--------------------------------------------------------------------------------
[2025-09-20T20:35:29.507886] PowerPoint生成エラー: PowerPointファイルの生成中にエラーが発生しました。
Details: 'SlidePart' object has no attribute 'presentation_part'
--------------------------------------------------------------------------------
[2025-09-20T20:35:29.518422] PowerPoint生成エラー: PowerPointファイルの生成中にエラーが発生しました。
Details: 'SlidePart' object has no attribute 'presentation_part'
--------------------------------------------------------------------------------
[2025-09-20T20:35:29.527445] PowerPoint生成エラー: PowerPointファイルの生成中にエラーが発生しました。
Details: 'SlidePart' object has no attribute 'presentation_part'
--------------------------------------------------------------------------------
[2025-09-20T20:35:29.537084] PowerPoint生成エラー: PowerPointファイルの生成中にエラーが発生しました。
Details: 'SlidePart' object has no attribute 'presentation_part'
--------------------------------------------------------------------------------
[2025-09-20T20:35:29.545433] PowerPoint生成エラー: PowerPointファイルの生成中にエラーが発生しました。
Details: 'SlidePart' object has no attribute 'presentation_part'
--------------------------------------------------------------------------------
[2025-09-20T20:35:29.554533] PowerPoint生成エラー: PowerPointファイルの生成中にエラーが発生しました。
Details: 'SlidePart' object has no attribute 'presentation_part'
--------------------------------------------------------------------------------
[2025-09-20T20:35:29.563307] PowerPoint生成エラー: PowerPointファイルの生成中にエラーが発生しました。
Details: 'SlidePart' object has no attribute 'presentation_part'
--------------------------------------------------------------------------------
[2025-09-20T20:35:29.571695] PowerPoint生成エラー: PowerPointファイルの生成中にエラーが発生しました。
Details: 'SlidePart' object has no attribute 'presentation_part'
--------------------------------------------------------------------------------
[2025-09-20T20:35:29.580800] PowerPoint生成エラー: PowerPointファイルの生成中にエラーが発生しました。
Details: 'SlidePart' object has no attribute 'presentation_part'
--------------------------------------------------------------------------------
[2025-09-20T20:35:29.589888] PowerPoint生成エラー: PowerPointファイルの生成中にエラーが発生しました。
Details: 'SlidePart' object has no attribute 'presentation_part'
--------------------------------------------------------------------------------
